2026-03-15 13:03:03,083 | INFO | [EXTRACT] Reading: C:/Users/Shubham Naralkar/OneDrive/E2E_Project/DataPulse/sales_data.csv
2026-03-15 13:03:04,941 | INFO | [EXTRACT] Loaded 2,000 rows ◊ 11 columns
2026-03-15 13:03:04,943 | INFO | [VALIDATE] Starting data quality checks...
2026-03-15 13:03:05,477 | INFO | [VALIDATE] 0 issue(s) found, 0 rows dropped
2026-03-15 13:03:05,496 | INFO | [TRANSFORM] Applying transformations...
2026-03-15 13:04:57,693 | INFO | [EXTRACT] Reading: C:/Users/Shubham Naralkar/OneDrive/E2E_Project/DataPulse/sales_data.csv
2026-03-15 13:04:57,853 | INFO | [EXTRACT] Loaded 2,000 rows ◊ 11 columns
2026-03-15 13:04:57,853 | INFO | [VALIDATE] Starting data quality checks...
2026-03-15 13:04:57,892 | INFO | [VALIDATE] 0 issue(s) found, 0 rows dropped
2026-03-15 13:04:57,905 | INFO | [TRANSFORM] Applying transformations...
2026-03-15 13:05:09,945 | INFO | =======================================================
2026-03-15 13:05:09,947 | INFO | DATAPULSE ETL ó AUDIT SUMMARY
2026-03-15 13:05:09,949 | INFO | =======================================================
2026-03-15 13:05:09,950 | INFO |   Total Orders    : 2,000
2026-03-15 13:05:09,982 | INFO |   Avg Margin      : 29.6%
2026-03-15 13:05:09,983 | INFO |   Unique Customers: 300
2026-03-15 13:05:10,000 | INFO |   Outlier Rows    : 52
2026-03-15 13:05:10,000 | INFO |   Categories      : 5
2026-03-15 13:05:10,005 | INFO | =======================================================
2026-03-15 13:12:27,356 | INFO | >>> DataPulse ETL Pipeline -- STARTED
2026-03-15 13:12:27,357 | INFO | [EXTRACT] Reading: C:/Users/Shubham Naralkar/OneDrive/E2E_Project/DataPulse/sales_data.csv
2026-03-15 13:12:27,380 | INFO | [EXTRACT] Loaded 2,000 rows x 11 columns
2026-03-15 13:12:27,380 | INFO | [VALIDATE] Starting data quality checks...
2026-03-15 13:12:27,381 | INFO |   [OK] All required columns present
2026-03-15 13:12:27,400 | INFO | [VALIDATE] 0 issue(s) found, 0 rows dropped
2026-03-15 13:12:27,400 | INFO |   [OK] Clean rows: 2,000
2026-03-15 13:12:27,401 | INFO | [TRANSFORM] Applying transformations...
2026-03-15 13:12:27,477 | INFO |   [OK] Derived columns added: profit_margin_pct, profit_tier, customer_segment, is_outlier, year_month
2026-03-15 13:12:27,478 | INFO |   [OK] Final shape: (2000, 22)
2026-03-15 13:12:27,478 | INFO | [LOAD] Connecting -> localhost:3306/datapulse
2026-03-15 13:12:28,081 | INFO |   [OK] Database `datapulse` ready
2026-03-15 13:12:28,104 | INFO | [LOAD] Writing 2,000 rows -> table `sales`
2026-03-15 13:12:32,440 | INFO |   [OK] MySQL record count: 2,000
2026-03-15 13:12:32,440 | INFO | =======================================================
2026-03-15 13:12:32,441 | INFO | DATAPULSE ETL -- AUDIT SUMMARY
2026-03-15 13:12:32,441 | INFO | =======================================================
2026-03-15 13:12:32,442 | INFO |   Total Orders    : 2,000
2026-03-15 13:12:32,443 | INFO |   Total Sales     : INR 38,194,888
2026-03-15 13:12:32,444 | INFO |   Total Profit    : INR 6,830,393
2026-03-15 13:12:32,445 | INFO |   Avg Margin      : 29.6%
2026-03-15 13:12:32,446 | INFO |   Unique Customers: 300
2026-03-15 13:12:32,448 | INFO |   Date Range      : 2023-01-01 to 2024-12-30
2026-03-15 13:12:32,449 | INFO |   Outlier Rows    : 52
2026-03-15 13:12:32,450 | INFO |   Categories      : 5
2026-03-15 13:12:32,451 | INFO | =======================================================
2026-03-15 13:12:32,456 | INFO | [DONE] Pipeline completed in 5.10s
